CosmologySimulationOmegaBaryonNow       = 0.044100
CosmologySimulationOmegaCDMNow          = 0.223900
CosmologySimulationInitialTemperature   = 35.408777

CosmologySimulationDensityName          = GridDensity
CosmologySimulationVelocity1Name        = GridVelocities_x
CosmologySimulationVelocity2Name        = GridVelocities_y
CosmologySimulationVelocity3Name        = GridVelocities_z
CosmologySimulationParticlePosition1Name        = (null)
CosmologySimulationParticlePosition2Name        = (null)
CosmologySimulationParticlePosition3Name        = (null)
CosmologySimulationParticleVelocity1Name        = ParticleVelocities_x
CosmologySimulationParticleVelocity2Name        = ParticleVelocities_y
CosmologySimulationParticleVelocity3Name        = ParticleVelocities_z
CosmologySimulationParticleDisplacement1Name    = ParticleDisplacements_x
CosmologySimulationParticleDisplacement2Name    = ParticleDisplacements_y
CosmologySimulationParticleDisplacement3Name    = ParticleDisplacements_z
CosmologySimulationNumberOfInitialGrids = 1
CosmologySimulationSubgridsAreStatic    = 1
CosmologySimulationCalculatePositions   = 1

CosmologySimulationInitialFractionHII   = 1.2e-05
CosmologySimulationInitialFractionHeII  = 1e-14
CosmologySimulationInitialFractionHeIII = 1e-17
CosmologySimulationInitialFractionHM    = 2e-09
CosmologySimulationInitialFractionH2I   = 2e-20
CosmologySimulationInitialFractionH2II  = 3e-14
CosmologySimulationInitialFractionMetal = 1e-10
CosmologySimulationInitialFractionMetalIa = 1e-12
CosmologySimulationUseMetallicityField  = 1

CosmologySimulationInitialUniformBField = 0 0 0 
InitialCycleNumber  = 0
InitialTime         = 0.81651006834053
InitialCPUTime      = 0

CheckpointRestart   = 0
StopTime            = 229.70846960801
StopCycle           = 100000
StopSteps           = 10000
StopCPUTime         = 2.592e+06
ResubmitOn          = 0
ResubmitCommand     = (null)

MaximumTopGridTimeStep = 1e+20
TimeLastRestartDump = 0
dtRestartDump       = -99999
TimeLastDataDump    = -24.183739931659
dtDataDump          = 25
TimeLastHistoryDump = 0.81651006834053
dtHistoryDump       = 0

TracerParticleOn           = 0
TracerParticleOutputVelocity           = 0
TimeLastTracerParticleDump = 0.81651006834053
dtTracerParticleDump       = 0
TimeLastInterpolatedDataDump    = -99999
dtInterpolatedDataDump          = 0
NewMovieLeftEdge     = 0 0 0 
NewMovieRightEdge    = 1 1 1 
MovieSkipTimestep    = -99999
Movie3DVolumes       = 0
MovieVertexCentered  = 0
NewMovieParticleOn   = 0
MovieDataField       = -99999 -99999 -99999 -99999 -99999 -99999 
NewMovieDumpNumber   = 0
NewMovieName         = MoviePack
MovieTimestepCounter = 0

CycleLastRestartDump = 0
CycleSkipRestartDump = 0
CycleLastDataDump    = 0
CycleSkipDataDump    = 0
CycleLastHistoryDump = 0
CycleSkipHistoryDump = 0

PythonTopGridSkip       = 0
PythonSubcycleSkip      = 1
PythonReloadScript      = 0
TimingCycleSkip             = 1
CycleSkipGlobalDataDump = 0

SubcycleNumber          = 0
SubcycleSkipDataDump    = 0
SubcycleLastDataDump    = 0
OutputFirstTimeAtLevel = 0
StopFirstTimeAtLevel    = 0
NumberOfOutputsBeforeExit = 0

OutputOnDensity = 0
StartDensityOutputs = 999
CurrentDensityOutput = 999
IncrementDensityOutput = 999
StopFirstTimeAtDensity = 0
StopFirstTimeAtMetalEnrichedDensity = 0
EnrichedMetalFraction = 1e-08

FileDirectedOutput = 1
HierarchyFileInputFormat = 1
HierarchyFileOutputFormat = 1
RestartDumpNumber   = 0
DataDumpNumber      = 0
HistoryDumpNumber   = 0
TracerParticleDumpNumber = 0
RestartDumpName     = restart
DataDumpName        = DD
HistoryDumpName     = history
TracerParticleDumpName = TracerOutput
RedshiftDumpName    = RD

RestartDumpDir        = RS
DataDumpDir           = DD
HistoryDumpDir        = HD
TracerParticleDumpDir = TD
RedshiftDumpDir       = RD

GlobalDir           = .
NumberOfGhostZones    = 3
LoadBalancing          = 1
ResetLoadBalancing     = 0
LoadBalancingCycleSkip = 10
LoadBalancingMinLevel  = 0
LoadBalancingMaxLevel  = 50
ConductionDynamicRebuildHierarchy = 0
ConductionDynamicRebuildMinLevel  = 0
StaticHierarchy     = 0
TopGridRank         = 3
TopGridDimensions   = 32 32 32 

TopGridGravityBoundary = 0
ImplicitProblem = 0
RadiativeTransferFLD   = 0
ParticleBoundaryType   = 3
NumberOfParticles      = 0 (do not modify)
CourantSafetyNumber    = 0.500000
PPMFlatteningParameter = 0
PPMDiffusionParameter  = 0
PPMSteepeningParameter = 0

ProblemType                    = 30
HydroMethod                    = 0
huge_number                    = 1.000000e+20
tiny_number                    = 1.000000e-50
Gamma                          = 1.6667
PressureFree                   = 0
QuantumPressure                = 0
FDMMass                        = 1.000000
RefineBy                       = 2
MaximumRefinementLevel         = 11
MaximumGravityRefinementLevel  = 11
MaximumParticleRefinementLevel = -1
CellFlaggingMethod             = 2 6 -99999 -99999 -99999 -99999 -99999 -99999 -99999 
ActiveParticleDensityThreshold = 1e+08
SmartStarFeedback              = 0
SmartStarEddingtonCap          = 0
SmartStarBHFeedback              = 0
SmartStarBHRadiativeFeedback        = 0
SmartStarBHJetFeedback              = 0
SmartStarBHThermalFeedback              = 0
SmartStarStellarRadiativeFeedback        = 0
SmartStarFeedbackEnergyCoupling       = 0.016666
SmartStarFeedbackJetsThresholdMass    = 1
SmartStarJetVelocity                  = 0.1
SmartStarSuperEddingtonAdjustment     = 1
SmartStarSMSLifetime                  = 1e+06
FluxCorrection                 = 1
UseCoolingTimestep             = 0
CoolingTimestepSafetyFactor    = 0.1
InterpolationMethod            = 1
ConservativeInterpolation      = 1
MinimumEfficiency              = 0.4
SubgridSizeAutoAdjust          = 1
OptimalSubgridsPerProcessor    = 16
MinimumSubgridEdge             = 6
MaximumSubgridSize             = 32768
CriticalGridRatio              = 3
NumberOfBufferZones            = 1

FastSiblingLocatorEntireDomain      = 1
MustRefineRegionMinRefinementLevel  = -1
MetallicityRefinementMinLevel       = -1
MetallicityRefinementMinMetallicity = 1e-05
MetallicityRefinementMinDensity     = -99999
DomainLeftEdge         = 0 0 0 
DomainRightEdge        = 1 1 1 
GridVelocity           = 0 0 0 
RefineRegionAutoAdjust = 0
RefineRegionLeftEdge   = 0 0 0 
RefineRegionRightEdge  = 1 1 1 
MustRefineRegionLeftEdge   = 0 0 0 
MustRefineRegionRightEdge  = 1 1 1 
RefineRegionTimeType   = -1
MustRefineRegionTimeType   = -1
MustRefineParticlesLeftEdge   = 0 0 0 
MustRefineParticlesRightEdge  = 0 0 0 

UseCoolingRefineRegion    = 0
EvolveCoolingRefineRegion = 0
CoolingRefineRegionLeftEdge   = 0 0 0 
CoolingRefineRegionRightEdge  = 1 1 1 
CoolingRefineRegionTimeType   = -1




DataLabel[0]              = Density
#DataCGSConversionFactor[0] = 3.31033e-25
DataLabel[1]              = x-velocity
#DataCGSConversionFactor[1] = 1448938363.9462
DataLabel[2]              = y-velocity
#DataCGSConversionFactor[2] = 1448938363.9462
DataLabel[3]              = z-velocity
#DataCGSConversionFactor[3] = 1448938363.9462
DataLabel[4]              = TotalEnergy
DataLabel[5]              = GasEnergy
DataLabel[6]              = Electron_Density
#DataCGSConversionFactor[6] = 3.31033e-25
DataLabel[7]              = HI_Density
#DataCGSConversionFactor[7] = 3.31033e-25
DataLabel[8]              = HII_Density
#DataCGSConversionFactor[8] = 3.31033e-25
DataLabel[9]              = HeI_Density
#DataCGSConversionFactor[9] = 3.31033e-25
DataLabel[10]              = HeII_Density
#DataCGSConversionFactor[10] = 3.31033e-25
DataLabel[11]              = HeIII_Density
#DataCGSConversionFactor[11] = 3.31033e-25
DataLabel[12]              = HM_Density
#DataCGSConversionFactor[12] = 3.31033e-25
DataLabel[13]              = H2I_Density
#DataCGSConversionFactor[13] = 3.31033e-25
DataLabel[14]              = H2II_Density
#DataCGSConversionFactor[14] = 3.31033e-25
DataLabel[15]              = Metal_Density
#DataCGSConversionFactor[15] = 3.31033e-25
DataLabel[16]              = MetalSNIa_Density
#DataCGSConversionFactor[16] = 3.31033e-25
DataLabel[17]              = Water_Density
#DataCGSConversionFactor[17] = 3.31033e-25
DataLabel[18]              = O_Density
#DataCGSConversionFactor[18] = 3.31033e-25
DataLabel[19]              = OH_Density
#DataCGSConversionFactor[19] = 3.31033e-25
DataLabel[20]              = O2_Density
#DataCGSConversionFactor[20] = 3.31033e-25
DataLabel[21]              = Oplus_Density
#DataCGSConversionFactor[21] = 3.31033e-25
DataLabel[22]              = OHplus_Density
#DataCGSConversionFactor[22] = 3.31033e-25
DataLabel[23]              = H2Oplus_Density
#DataCGSConversionFactor[23] = 3.31033e-25
DataLabel[24]              = H3Oplus_Density
#DataCGSConversionFactor[24] = 3.31033e-25
DataLabel[25]              = O2plus_Density
#DataCGSConversionFactor[25] = 3.31033e-25
DataLabel[26]              = Cplus_Density
#DataCGSConversionFactor[26] = 3.31033e-25
DataLabel[27]              = C_Density
#DataCGSConversionFactor[27] = 3.31033e-25
DataLabel[28]              = CH_Density
#DataCGSConversionFactor[28] = 3.31033e-25
DataLabel[29]              = CH2_Density
#DataCGSConversionFactor[29] = 3.31033e-25
DataLabel[30]              = CH3_Density
#DataCGSConversionFactor[30] = 3.31033e-25
DataLabel[31]              = CH4_Density
#DataCGSConversionFactor[31] = 3.31033e-25
DataLabel[32]              = CO_Density
#DataCGSConversionFactor[32] = 3.31033e-25
DataLabel[33]              = COplus_Density
#DataCGSConversionFactor[33] = 3.31033e-25
DataLabel[34]              = CO2_Density
#DataCGSConversionFactor[34] = 3.31033e-25
DataLabel[35]              = Hplus_Density
#DataCGSConversionFactor[35] = 3.31033e-25
DataLabel[36]              = CH2plus_Density
#DataCGSConversionFactor[36] = 3.31033e-25
DataLabel[37]              = H3plus_Density
#DataCGSConversionFactor[37] = 3.31033e-25
DataLabel[38]              = HCOplus_Density
#DataCGSConversionFactor[38] = 3.31033e-25
DataLabel[39]              = HeHplus_Density
#DataCGSConversionFactor[39] = 3.31033e-25
DataLabel[40]              = CH3plus_Density
#DataCGSConversionFactor[40] = 3.31033e-25
DataLabel[41]              = CH4plus_Density
#DataCGSConversionFactor[41] = 3.31033e-25
DataLabel[42]              = CH5plus_Density
#DataCGSConversionFactor[42] = 3.31033e-25
DataLabel[43]              = O2Hplus_Density
#DataCGSConversionFactor[43] = 3.31033e-25
#TimeUnits                 = 1.8980583604982e+15
#TemperatureUnits          = 25434009231.36

UniformGravity             = 0
UniformGravityDirection    = 0
UniformGravityConstant     = 1
PointSourceGravity           = 0
PointSourceGravityPosition   = 0 0 0 
PointSourceGravityConstant   = 1
PointSourceGravityCoreRadius = 0

DiskGravity                        = 0
DiskGravityPosition                = 0 0 0 
DiskGravityAngularMomentum         = 0 0 1 
DiskGravityStellarDiskMass         = 1e+11
DiskGravityStellarDiskScaleHeightR = 0.004
DiskGravityStellarDiskScaleHeightz = 0.00025
DiskGravityStellarBulgeMass        = 1e+10
DiskGravityStellarBulgeR           = 0.0004
DiskGravityDarkMatterR             = 0.023
DiskGravityDarkMatterDensity       = 3.81323e-25
ExternalGravity           = 0
ExternalGravityConstant     = 0.000000
ExternalGravityRadius     = 0.000000
ExternalGravityDensity     = 0.000000
ExternalGravityPosition   = 0 0 0 
ExternalGravityOrientation   = 0 0 0 
SelfGravity                    = 1
SelfGravityGasOff              = 0
AccretionKernal                = 0
GravitationalConstant          = 1.000000e+00
ComputePotential               = 0
PotentialIterations            = 4
WritePotential                 = 0
ParticleSubgridDepositMode     = 1
InlineHaloFinder               = 0
HaloFinderSubfind              = 0
HaloFinderCycleSkip            = 3
HaloFinderRunAfterOutput       = 1
HaloFinderOutputParticleList   = 0
HaloFinderMinimumSize          = 50
HaloFinderLinkingLength        = 0.200000
HaloFinderTimestep             = -99999.000000
HaloFinderLastTime             = 0.000000

GalaxySimulationRPSWind            = 0
GalaxySimulationRPSWindShockSpeed  = 0
GalaxySimulationRPSWindDelay       = 0
GalaxySimulationRPSWindDensity     = 1
GalaxySimulationRPSWindTotalEnergy = 1
GalaxySimulationRPSWindPressure    = 1
GalaxySimulationRPSWindVelocity    = 0 0 0 
GalaxySimulationPreWindDensity     = 1
GalaxySimulationPreWindTotalEnergy = 1
GalaxySimulationPreWindVelocity    = 0 0 0 
DualEnergyFormalism         = 1
DualEnergyFormalismEta1     = 1.000000e-03
DualEnergyFormalismEta2     = 1.000000e-01
ParticleCourantSafetyNumber = 0.800000

RootGridCourantSafetyNumber = 1.000000

RandomForcing                  = 0
RandomForcingEdot              = -1
DrivenFlowProfile              = 0
UseSGSModel                    = 0
SGSFilterWidth                 = 0.000000
SGSFilterStencil               = 0
SGSFilterWeights               = 0.000000 0.000000 0.000000 0.000000
SGScoeffERS2M2Star             = 0.000000
SGScoeffEVStarEnS2Star         = 0.000000
SGScoeffEnS2StarTrace          = 0.000000
SGScoeffNLemfCompr             = 0.000000
SGScoeffNLu                    = 0.000000
SGScoeffNLuNormedEnS2Star      = 0.000000
SGScoeffNLb                    = 0.000000
use_grackle                 = 1
RadiativeCooling               = 1
RadiativeCoolingModel          = 1
GadgetEquilibriumCooling       = 0
MultiSpecies                   = 2
CIECooling                     = 0
H2OpticalDepthApproximation    = 0
ThreeBodyRate                  = 0
H2FormationOnDust              = 1
CloudyCoolingGridFile          = 
IncludeCloudyHeating           = 0
CMBTemperatureFloor            = 1
CloudyElectronFractionFactor   = 0.009154
MetalCooling                   = 1
MetalCoolingTable              = metal_cool.dat
RadiativeTransfer              = 1
RadiationXRaySecondaryIon      = 1
RadiationXRayComptonHeating    = 1
CRModel                        = 0
CRDiffusion                    = 0
CRkappa                        = 0.000000
CRCourantSafetyNumber          = 0.500000
CRFeedback                     = 0.000000
CRdensFloor                    = 0.000000
CRmaxSoundSpeed                = 0.000000
CRgamma                        = 1.333333
CosmologySimulationUniformCR   = 0.000000
ShockMethod                    = 0
ShockTemperatureFloor          = 1.000000
StorePreShockFields            = 0
FindShocksOnlyOnOutput         = 0
RadiationFieldType             = 0
TabulatedLWBackground          = 0
AdjustUVBackground             = 1
AdjustUVBackgroundHighRedshift = 0
SetUVBAmplitude                = 1
SetHeIIHeatingScale            = 1.8
RadiationFieldLevelRecompute   = 0
RadiationFieldRedshift         = -99999.000000
RadiationShield                = 0
RadiationSpectrumNormalization = 1e-21
RadiationSpectrumSlope         = 1.5
CoolDataf0to3                  = 0.100000
RadiationRedshiftOn            = 7.000000
RadiationRedshiftOff           = 0.000000
RadiationRedshiftFullOn        = 6.000000
RadiationRedshiftDropOff       = 0.000000
HydrogenFractionByMass         = 0.760000
DeuteriumToHydrogenRatio       = 0.000068
SolarMetalFractionByMass       = 0.012950
NumberOfTemperatureBins        = 600
CoolDataIh2co                  = 1
CoolDataIpiht                  = 1
TemperatureStart               = 1.000000
TemperatureEnd                 = 1000000000.000000
CoolDataCompXray               = 0.000000
CoolDataTempXray               = 0.000000
NumberOfDustTemperatureBins    = 250
DustTemperatureStart           = 1.000000
DustTemperatureEnd             = 1500.000000
PhotoelectricHeating           = 0
PhotoelectricHeatingRate       = 8.5e-26
VelAnyl                        = 0
BAnyl                          = 0
WriteExternalAccel             = 0
OutputCoolingTime              = 1
OutputTemperature              = 1
OutputDustTemperature          = 0
OutputSmoothedDarkMatter       = 0
SmoothedDarkMatterNeighbors    = 32
OutputGriddedStarParticle      = 0
ZEUSLinearArtificialViscosity    = 0
ZEUSQuadraticArtificialViscosity = 2
UseMinimumPressureSupport        = 1
MinimumPressureSupportParameter  = 100.000000
RefineByJeansLengthSafetyFactor  = 4.000000
JeansRefinementColdTemperature  = -1.000000
RefineByResistiveLengthSafetyFactor  = 2.000000
MustRefineParticlesRefineToLevel = 0
MustRefineParticlesCreateParticles = 0
MustRefineParticlesRefineToLevelAutoAdjust = 0
MustRefineParticlesMinimumMass = 0.000000
ParticleTypeInFile               = 1
WriteGhostZones                  = 0
ReadGhostZones                   = 0
OutputParticleTypeGrouping       = 0
MoveParticlesBetweenSiblings     = 1
ParticleSplitterIterations       = 0
ParticleSplitterRandomSeed       = 131180
ParticleSplitterChildrenParticleSeparation     = 1.000000
ParticleSplitterFraction         =  1 1 1 1 
ParticleSplitterCenter         =  -1 -1 -1 
ParticleSplitterCenterRegion         =  -1 -1 -1 -1 
ParticleSplitterMustRefine       = 0
ParticleSplitterMustRefineIDFile = (null)
ResetMagneticField               = 0
ResetMagneticFieldAmplitude      = 0 0 0
MultiRefineRegionMaximumOuterLevel  = -99999
MultiRefineRegionMinimumOuterLevel  = -99999
ParallelRootGridIO              = 1
ParallelParticleIO              = 1
Unigrid                         = 0
UnigridTranspose                = 2
NumberOfRootGridTilesPerDimensionPerProcessor = 1
PartitionNestedGrids            = 0
ExtractFieldsOnly               = 1
CubeDumpEnabled                 = 0
UserDefinedRootGridLayout       = -99999 -99999 -99999
Debug1                          = 0
Debug2                          = 0
MemoryLimit                     = 4000000000
SlopeFlaggingFields = -99999 -99999 -99999 -99999 -99999 -99999 -99999
MinimumSlopeForRefinement = 0.3 0.3 0.3 0.3 0.3 0.3 0.3
SecondDerivativeFlaggingFields = -99999 -99999 -99999 -99999 -99999 -99999 -99999
MinimumSecondDerivativeForRefinement = 0.3 0.3 0.3 0.3 0.3 0.3 0.3
SecondDerivativeEpsilon = 0.01
MinimumOverDensityForRefinement = 8 8 1.5 1.5 1.5 1.5 1.5
MinimumMassForRefinement = 4.01738864e-05 4.01738864e-05 7.53260371e-06 7.53260371e-06 7.53260371e-06 7.53260371e-06 7.53260371e-06
MinimumMassForRefinementLevelExponent = 0.000000 0.000000 0.000000 0.000000 0.000000 0.000000 0.000000
MinimumShearForRefinement             = 1.000000e+00
OldShearMethod                        = 0
MinimumPressureJumpForRefinement      = 3.300000e-01
MinimumEnergyRatioForRefinement       = 1.000000e-01
ShockwaveRefinementMinMach            = 1.300000
ShockwaveRefinementMinVelocity        = 10000000.000000
ShockwaveRefinementMaxLevel           = 0
ComovingCoordinates                   = 1
StarParticleCreation                  = 9
BigStarFormation                      = 0
BigStarFormationDone                  = 0
BigStarSeparation                     = 0.250000
SimpleQ                               = 1e+50
SimpleRampTime                        = 0.100000
StarFormationOncePerRootGridTimeStep  = 0
StarParticleFeedback                  = 9
StarParticleRadiativeFeedback         = 0
NumberOfParticleAttributes            = 4
SinkMergeDistance                     = 10000000000000000.000000
SinkMergeMass                         = 0.100000
StellarWindFeedback                   = 0
StellarWindTurnOnMass                 = 0.100000
MSStellarWindTurnOnMass                 = 10.000000
StarMakerOverDensityThreshold         = 100
StarMakerUseOverDensityThreshold      = 1
StarMakerMaximumFractionCell          = 0.5
StarMakerSHDensityThreshold           = 7e-26
StarMakerTimeIndependentFormation     = 0
StarMakerMassEfficiency               = 1
StarMakerMinimumMass                  = 1e+09
StarMakerMinimumDynamicalTime         = 1e+06
StarMassEjectionFraction              = 0.25
StarMetalYield                        = 0.02
StarEnergyToThermalFeedback           = 1e-05
StarEnergyToStellarUV                 = 3e-06
StarEnergyToQuasarUV                  = 5e-06
StarFeedbackKineticFraction           = 0
StarMakerExplosionDelayTime           = -1
StarFeedbackDistRadius                = 0
StarFeedbackDistCellStep              = 0
StarMakerUseJeansMass                 = 1
StarMakerTypeIaSNe                    = 1
StarMakerTypeIISNeMetalField          = 0
StarMakerPlanetaryNebulae             = 1
MultiMetals                           = 0

IsotropicConduction                   = 0
AnisotropicConduction                 = 0
IsotropicConductionSpitzerFraction    = 0.000000
AnisotropicConductionSpitzerFraction  = 0.000000
ConductionCourantSafetyNumber   = 0.500000
SpeedOfLightTimeStepLimit             = 0
IsothermalSoundSpeed                  = 1
StarClusterUseMetalField              = 0
StarClusterUnresolvedModel            = 0
StarClusterMinDynamicalTime           = 1e+07
StarClusterIonizingLuminosity         = 1e+47
StarClusterHeliumIonization           = 0
StarClusterSNEnergy                   = 6.8e+48
StarClusterSNRadius                   = 10
StarClusterFormEfficiency             = 0.1
StarClusterMinimumMass                = 1000
StarClusterCombineRadius              = 10
StarClusterRegionLeftEdge             = 0.000000 0.000000 0.000000
StarClusterRegionRightEdge            = 1.000000 1.000000 1.000000
PopIIIStarMass                        = 40
PopIIIInitialMassFunction             = 0
PopIIIInitialMassFunctionSeed         = -99999
PopIIIInitialMassFunctionCalls        = 0
PopIIIMassRange                       = 1.000000 300.000000
PopIIIInitialMassFunctionSlope        = -1.300000
PopIIIHeliumIonization                = 0
PopIIIBlackHoles                      = 0
PopIIIBHLuminosityEfficiency          = 0.100000
PopIIIOverDensityThreshold            = 1e+06
PopIIIH2CriticalFraction              = 0.0005
PopIIIMetalCriticalFraction           = 0.0001
PopIIISupernovaExplosions             = 1
PopIIISupernovaRadius                 = 1
PopIIISupernovaUseColour              = 0
PopIIISupernovaMustRefine             = 0
PopIIISupernovaMustRefineResolution   = 32
PopIIIColorDensityThreshold           = 1e+06
PopIIIColorMass                       = 1e+06
PopIIIUseHypernova                    = 1
PopIIIOutputOnFeedback                = 0

MBHAccretion                          = 0
MBHAccretionRadius                    = 50
MBHAccretingMassRatio                 = 1
MBHAccretionFixedTemperature          = 300000
MBHAccretionFixedRate                 = 0.001
MBHTurnOffStarFormation               = 0
MBHCombineRadius                      = 50
MBHMinDynamicalTime                   = 1e+07
MBHMinimumMass                        = 1000

MBHFeedback                           = 0
MBHFeedbackRadiativeEfficiency        = 0.1
MBHFeedbackEnergyCoupling             = 0.05
MBHFeedbackMassEjectionFraction       = 0.1
MBHFeedbackMetalYield                 = 0.02
MBHFeedbackThermalRadius              = 50
MBHFeedbackJetsThresholdMass          = 10

MBHParticleIO                         = 0
MBHParticleIOFilename               = mbh_particle_io.dat
MBHInsertLocationFilename           = mbh_insert_location.in

ClusterSMBHFeedback           = 0
ClusterSMBHJetMdot            = 3.000000
ClusterSMBHJetVelocity        = 10000.000000
ClusterSMBHJetRadius          = 6.000000
ClusterSMBHJetLaunchOffset    = 10.000000
ClusterSMBHStartTime          = 1.000000
ClusterSMBHTramp              = 0.100000
ClusterSMBHJetOpenAngleRadius = 0.000000
ClusterSMBHFastJetRadius      = 0.100000
ClusterSMBHFastJetVelocity    = 10000.000000
ClusterSMBHJetEdot            = 1.000000
ClusterSMBHKineticFraction    = 1.000000
ClusterSMBHJetAngleTheta      = 0.000000
ClusterSMBHJetAnglePhi        = 0.000000
ClusterSMBHJetPrecessionPeriod= 0.000000
ClusterSMBHCalculateGasMass   = 1
ClusterSMBHFeedbackSwitch     = 0
ClusterSMBHEnoughColdGas      = 10000000.000000
ClusterSMBHAccretionTime      = 5.000000
ClusterSMBHJetDim             = 2
ClusterSMBHAccretionEpsilon   = 0.001000
ClusterSMBHDiskRadius         = 0.500000
ClusterSMBHBCG                = 1.000000
ClusterSMBHMass               = 0.000000
EllipticalGalaxyRe            = 0.000000
OldStarFeedbackAlpha          = 0.000000
SNIaFeedbackEnergy            = 1.000000
StellarWindSpeed              = 0.000000
StellarWindDensity              = 1.000000
StellarWindRadius              = 0.010000
StellarWindTemperature         = 100.000000
StellarWindCenterPosition   = 0.5 0.5 0.5 
H2StarMakerEfficiency              = 0.01
H2StarMakerNumberDensityThreshold  = 0
H2StarMakerMinimumMass             = 0
H2StarMakerMinimumH2FractionForStarFormation = 1e-05
H2StarMakerStochastic              = 1
H2StarMakerUseSobolevColumn        = 0
H2StarMakerSigmaOverR              = 0.0333333
H2StarMakerAssumeColdWarmPressureBalance = 0
H2StarMakerH2DissociationFlux_MW   = 1
H2StarMakerH2FloorInColdGas        = 0

H2StarMakerColdGasTemperature      = 10000

StarMakerMinimumMassRamp           = 0
StarMakerMinimumMassRampStartTime  = -99999
StarMakerMinimumMassRampStartMass  = -99999
StarMakerMinimumMassRampEndTime    = -99999
StarMakerMinimumMassRampEndMass    = -99999
UseHydro                   = 1
Theta_Limiter              = 1.500000
RiemannSolver              = 5
RiemannSolverFallback      = 1
ConservativeReconstruction = 0
PositiveReconstruction     = 0
ReconstructionMethod       = 1
UsePhysicalUnit            = 0
UseFloor                   = 0
UseViscosity               = 0
ViscosityCoefficient       = 0
UseAmbipolarDiffusion      = 0
UseResistivity             = 0
SmallRho                   = 1e-30
SmallP                     = 1e-35
SmallT                     = 1e-10
MaximumAlvenSpeed          = 1e+30
Coordinate                 = 0
EOSType                    = 0
EOSSoundSpeed              = 26500
EOSCriticalDensity         = 1e-13
EOSGamma                   = 1.667
Mu                         = 0.6
DivBDampingLength          = 1
UseConstantAcceleration    = 0
ConstantAcceleration       = 0 0 0
UseDrivingField            = 0
DrivingEfficiency          = 1.000000
MixSpeciesAndColors     = 1
PoissonDivergenceCleaningBoundaryBuffer = 0
UsePoissonDivergenceCleaning            = 0
PoissonDivergenceCleaningThreshold      = 0.001
PoissonApproximationThreshold    = 0.001
PoissonBoundaryType    = 0
UseGasDrag                       = 0
GasDragCoefficient               = 0.000000
AngularVelocity              = 0.001000
VelocityGradient             = 1.000000
ShearingVelocityDirection    = -1
ShearingBoxProblemType    = 0

LeftFaceBoundaryCondition  = 3 3 3 
RightFaceBoundaryCondition = 3 3 3 
CosmologyOutputRedshift[0] = 0.1
CosmologyOutputRedshift[1] = 0.089
CosmologyOutputRedshift[2] = 0.078
CosmologyOutputRedshift[3] = 0.067
CosmologyOutputRedshift[4] = 0.057
CosmologyOutputRedshift[5] = 0.047
CosmologyOutputRedshift[6] = 0.037
CosmologyOutputRedshift[7] = 0.027
CosmologyOutputRedshift[8] = 0.017
CosmologyOutputRedshift[9] = 0.007
CosmologyHubbleConstantNow  = 0.704
CosmologyOmegaMatterNow     = 0.268
CosmologyOmegaDarkMatterNow = 0.2239
CosmologyOmegaLambdaNow     = 0.732
CosmologyOmegaRadiationNow  = 0
CosmologyComovingBoxSize    = 32
CosmologyMaxExpansionRate   = 0.02
CosmologyInitialRedshift    = 50
CosmologyFinalRedshift      = 0
CosmologyTableNumberOfBins  = 1000
CosmologyTableLogaInitial   = -6
CosmologyTableLogaFinal     = 0
CosmologyCurrentRedshift    = 50

dtPhoton                                  = 0
RadiativeTransferLoadBalance              = 0
RadiativeTransferRadiationPressure        = 0
RadiativeTransferRadiationPressureScale   = 0.000000
RadiativeTransferSourceRadius             = 0
RadiativeTransferPropagationSpeedFraction = 0
RadiativeTransferPropagationDistance      = 0
RadiativeTransferCoupledRateSolver        = 0
RadiativeTransferOpticallyThinH2          = 0
RadiativeTransferOpticallyThinH2CharLength = 0
RadiativeTransferFLDCallOnLevel           = 0
RadiativeTransferPeriodicBoundary         = 0
RadiativeTransferSplitPhotonRadius        = 0.000000
RadiativeTransferFluxBackgroundLimit      = 0.000000
RadiativeTransferHubbleTimeFraction       = 0.000000
RadiativeTransferRaysPerCell              = 0.000000
RadiativeTransferTimestepVelocityLimit    = 0.000000
RadiativeTransferTimestepVelocityLevel    = 0
RadiativeTransferInitialHEALPixLevel      = 0
RadiativeTransferPhotonEscapeRadius       = 0.000000
RadiativeTransferInterpolateField         = 0
RadiativeTransferSourceClustering         = 0
RadiativeTransferPhotonMergeRadius        = 0.000000
RadiativeTransferSourceBeamAngle          = 0.000000
RadiativeTransferHIIRestrictedTimestep    = 0
RadiativeTransferAdaptiveTimestep         = 0
RadiativeTransferHydrogenOnly             = 0
RadiativeTransferTraceSpectrum            = 0
RadiativeTransferRayMaximumLength         = 0.000000
RadiativeTransferH2ShieldType             = 0
RadiativeTransferUseH2Shielding           = 0
RadiativeTransferH2IIDiss                 = 0
RadiativeTransferTraceSpectrumTable       = (null)

with_radiative_cooling      = 1
use_volumetric_heating_rate = 0
use_specific_heating_rate   = 0
self_shielding_method       = 0
H2_self_shielding           = 0
grackle_data_file           = /usr/projects/cosmology/grizzly_gcc5.3_openmpi1.10.5/grackle/input/CloudyData_UVB=HM2012_shielded.h5
UVbackground                = 1
Compton_xray_heating        = 0
LWbackground_intensity      = 0.000000
LWbackground_sawtooth_suppression = 0
dust_chemistry              = 1
local_dust_to_gas_ratio     = 0.009387
use_isrf_field              = 0
use_dust_density_field      = 0
withWater                   = 1
water_rates                 = 3
water_only                  = 0
crx_ionization              = 1
grackle_molecular_data      = /lustre/scratch3/turquoise/agagliano/WATER/summer2020/fromSky/grackle/input/UVB_HM2012_waterNetwork.h5
UVbackground_molec_redshift_on = 0
MHDCTSlopeLimiter          = 1
MHDCTDualEnergyMethod          = 2
MHDCTPowellSource          = 0
WriteBoundary          = 0
CT_AthenaDissipation          =0.1
MHD_WriteElectric             =1
tiny_pressure                 =1e-50
MHD_CT_Method                 =2
NumberOfGhostZones           =3
IsothermalSoundSpeed          =1
MHD_ProjectB                  =0
MHD_ProjectE                  =1
EquationOfState               =0
CorrectParentBoundaryFlux          = 0
StoreDomainBoundaryMassFlux = 0
BoundaryMassFluxFilename = boundary_mass_flux.dat
UseMagneticSupernovaFeedback = 0
MagneticSupernovaRadius = 300
MagneticSupernovaEnergy = 1e+51
MagneticSupernovaDuration = 50000
CurrentTimeIdentifier = 1604372325
MetaDataSimulationUUID          = 5935a3f2-156e-434f-bbbb-ba1380bb10c4
MetaDataDatasetUUID             = 657892a9-79e2-440f-bacc-f72251171fff
VersionNumber              = 2.600000

